Build started 31/10/2014 14:34:53.
     1>Project "C:\Users\LuisF\Documents\GitHub\AEDA-projeto\AEDA projeto HOTEL\AEDA projeto HOTEL\AEDA projeto HOTEL.vcxproj" on node 2 (Build target(s)).
     1>ClCompile:
         D:\Visual Studio 2013\VC\bin\CL.exe /c /ZI /nologo /W3 /WX- /sdl /Od /Oy- /D _MBCS /Gm /EHsc /RTC1 /MDd /GS /fp:precise /Zc:wchar_t /Zc:forScope /Fo"Debug\\" /Fd"Debug\vc120.pdb" /Gd /TP /analyze- /errorReport:prompt Cliente.cpp Espaco.cpp Funcionario.cpp Hotel.cpp Main.cpp Pessoa.cpp Quarto.cpp Sala.cpp
         Pessoa.cpp
     1>c:\users\luisf\documents\github\aeda-projeto\aeda projeto hotel\aeda projeto hotel\pessoa.cpp(12): warning C4018: '<' : signed/unsigned mismatch
     1>c:\users\luisf\documents\github\aeda-projeto\aeda projeto hotel\aeda projeto hotel\pessoa.cpp(23): warning C4018: '<' : signed/unsigned mismatch
     1>c:\users\luisf\documents\github\aeda-projeto\aeda projeto hotel\aeda projeto hotel\pessoa.cpp(46): warning C4018: '<' : signed/unsigned mismatch
         Main.cpp
         Hotel.cpp
     1>c:\users\luisf\documents\github\aeda-projeto\aeda projeto hotel\aeda projeto hotel\hotel.cpp(10): warning C4018: '<' : signed/unsigned mismatch
         Funcionario.cpp
     1>c:\users\luisf\documents\github\aeda-projeto\aeda projeto hotel\aeda projeto hotel\funcionario.cpp(25): warning C4018: '<' : signed/unsigned mismatch
         Cliente.cpp
     1>c:\users\luisf\documents\github\aeda-projeto\aeda projeto hotel\aeda projeto hotel\cliente.cpp(23): warning C4018: '<' : signed/unsigned mismatch
         Generating Code...
         Skipping... (no relevant changes detected)
         Sala.cpp
         Quarto.cpp
         Espaco.cpp
       Link:
         D:\Visual Studio 2013\VC\bin\link.exe /ERRORREPORT:PROMPT /OUT:"C:\Users\LuisF\Documents\GitHub\AEDA-projeto\AEDA projeto HOTEL\Debug\AEDA projeto HOTEL.exe" /INCREMENTAL /NOLOGO kernel32.lib user32.lib gdi32.lib winspool.lib comdlg32.lib advapi32.lib shell32.lib ole32.lib oleaut32.lib uuid.lib odbc32.lib odbccp32.lib /MANIFEST /MANIFESTUAC:"level='asInvoker' uiAccess='false'" /manifest:embed /DEBUG /PDB:"C:\Users\LuisF\Documents\GitHub\AEDA-projeto\AEDA projeto HOTEL\Debug\AEDA projeto HOTEL.pdb" /TLBID:1 /DYNAMICBASE /NXCOMPAT /IMPLIB:"C:\Users\LuisF\Documents\GitHub\AEDA-projeto\AEDA projeto HOTEL\Debug\AEDA projeto HOTEL.lib" /MACHINE:X86 Debug\Cliente.obj
         Debug\Espaco.obj
         Debug\Funcionario.obj
         Debug\Hotel.obj
         Debug\Main.obj
         Debug\Pessoa.obj
         Debug\Quarto.obj
         Debug\Sala.obj
     1>Main.obj : error LNK2019: unresolved external symbol "void __cdecl menu_pessoas(void)" (?menu_pessoas@@YAXXZ) referenced in function "void __cdecl main_menu(void)" (?main_menu@@YAXXZ)
     1>Main.obj : error LNK2019: unresolved external symbol "void __cdecl menu_espacos(void)" (?menu_espacos@@YAXXZ) referenced in function "void __cdecl main_menu(void)" (?main_menu@@YAXXZ)
     1>Main.obj : error LNK2019: unresolved external symbol "void __cdecl menu_reservas(void)" (?menu_reservas@@YAXXZ) referenced in function "void __cdecl main_menu(void)" (?main_menu@@YAXXZ)
     1>C:\Users\LuisF\Documents\GitHub\AEDA-projeto\AEDA projeto HOTEL\Debug\AEDA projeto HOTEL.exe : fatal error LNK1120: 3 unresolved externals
     1>Done Building Project "C:\Users\LuisF\Documents\GitHub\AEDA-projeto\AEDA projeto HOTEL\AEDA projeto HOTEL\AEDA projeto HOTEL.vcxproj" (Build target(s)) -- FAILED.

Build FAILED.

Time Elapsed 00:00:04.57
